2025-03-31 04:34:16,666 - INFO - Starting resource image generation process
2025-03-31 04:34:16,667 - INFO - Loading resources.json...
2025-03-31 04:34:16,667 - INFO - Successfully loaded resources.json with 25 resources
2025-03-31 04:34:16,668 - INFO - Found 25 resources to process
2025-03-31 04:34:16,668 - INFO - Processing batch 1 of 9 (3 resources)
2025-03-31 04:34:16,668 - INFO - Processing resource: KinOS Ventures Manifesto (kinos-ventures-manifesto)
2025-03-31 04:34:16,668 - INFO - Generating Ideogram prompt for resource: KinOS Ventures Manifesto
2025-03-31 04:34:22,221 - INFO - Successfully generated Ideogram prompt for KinOS Ventures Manifesto
2025-03-31 04:34:22,223 - INFO - Prompt: Abstract geometric composition in a modern minimalist style, featuring vibrant blues, purples with t...
2025-03-31 04:34:22,224 - INFO - Calling Ideogram API for resource kinos-ventures-manifesto...
2025-03-31 04:34:41,783 - INFO - Successfully received response from Ideogram API for kinos-ventures-manifesto
2025-03-31 04:34:42,725 - INFO - Successfully saved image for kinos-ventures-manifesto to public\core_philosophy_strategy\kinos-ventures-manifesto.png
2025-03-31 04:34:42,726 - INFO - Processing resource: Vertical Integration Strategy (vertical-integration-strategy)
2025-03-31 04:34:42,727 - INFO - Generating Ideogram prompt for resource: Vertical Integration Strategy
2025-03-31 04:34:50,269 - INFO - Successfully generated Ideogram prompt for Vertical Integration Strategy
2025-03-31 04:34:50,270 - INFO - Prompt: Here is the prompt for Ideogram to generate an image for this resource:

/imagine prompt: A 16:9 asp...
2025-03-31 04:34:50,272 - INFO - Calling Ideogram API for resource vertical-integration-strategy...
2025-03-31 04:35:10,756 - INFO - Successfully received response from Ideogram API for vertical-integration-strategy
2025-03-31 04:35:11,667 - INFO - Successfully saved image for vertical-integration-strategy to public\core_philosophy_strategy\vertical-integration-strategy.png
2025-03-31 04:35:11,668 - INFO - Processing resource: Technology Unification Principles (technology-unification-principles)
2025-03-31 04:35:11,669 - INFO - Generating Ideogram prompt for resource: Technology Unification Principles
2025-03-31 04:35:20,286 - INFO - Successfully generated Ideogram prompt for Technology Unification Principles
2025-03-31 04:35:20,286 - INFO - Prompt: Here is the prompt for Ideogram:

Minimalist 16:9 image with a modern, abstract style. Use a color p...
2025-03-31 04:35:20,287 - INFO - Calling Ideogram API for resource technology-unification-principles...
2025-03-31 04:35:40,132 - INFO - Successfully received response from Ideogram API for technology-unification-principles
2025-03-31 04:35:41,787 - INFO - Successfully saved image for technology-unification-principles to public\core_philosophy_strategy\technology-unification-principles.png
2025-03-31 04:35:41,788 - INFO - Waiting 15 seconds between batches...
2025-03-31 04:40:26,069 - INFO - Starting resource image generation process
2025-03-31 04:40:26,070 - INFO - Loading resources.json...
2025-03-31 04:40:26,086 - INFO - Successfully loaded resources.json with 25 resources
2025-03-31 04:40:26,086 - INFO - Found 25 resources to process
2025-03-31 04:40:26,086 - INFO - Processing batch 1 of 9 (3 resources)
2025-03-31 04:40:26,087 - INFO - Processing resource: KinOS Ventures Manifesto (kinos-ventures-manifesto)
2025-03-31 04:40:26,087 - INFO - Generating Ideogram prompt for resource: KinOS Ventures Manifesto
2025-03-31 04:40:26,098 - INFO - Successfully loaded and modified visual style guide
2025-03-31 04:40:30,347 - INFO - Successfully generated Ideogram prompt for KinOS Ventures Manifesto
2025-03-31 04:40:30,347 - INFO - Full prompt for KinOS Ventures Manifesto: futuristic AI manifesto visualization rendered in liquid chrome on white steel background, calligraphy-inspired flowing pathways with ultramodern aesthetic, silver-blue gradient metal with reflective properties, brushstroke influence in composition, 2050 futuristic design language, elegant negative space, abstract representation of human and AI integration through intertwining chrome helix structures that emerge from a central core, sophisticated light effects highlighting connection points, philosophical depth conveyed through multiple dimensional layers, cosmic perspective suggesting infinite potential, no text, pristine minimalist composition balancing organic movement with technological precision --ar 16:9 --style cinematic --v 6.0
2025-03-31 04:40:30,348 - INFO - Calling Ideogram API for resource kinos-ventures-manifesto...
2025-03-31 04:40:50,509 - INFO - Successfully received response from Ideogram API for kinos-ventures-manifesto
2025-03-31 04:40:51,430 - INFO - Successfully saved image for kinos-ventures-manifesto to public\core_philosophy_strategy\kinos-ventures-manifesto.png
2025-03-31 04:40:51,432 - INFO - Processing resource: Vertical Integration Strategy (vertical-integration-strategy)
2025-03-31 04:40:51,432 - INFO - Generating Ideogram prompt for resource: Vertical Integration Strategy
2025-03-31 04:40:51,433 - INFO - Successfully loaded and modified visual style guide
2025-03-31 04:40:55,526 - INFO - Successfully generated Ideogram prompt for Vertical Integration Strategy
2025-03-31 04:40:55,527 - INFO - Full prompt for Vertical Integration Strategy: vertical integration strategy framework rendered in liquid chrome on white steel background, calligraphy-inspired flowing diagram with ultramodern aesthetic, silver-blue gradient metal with reflective properties, brushstroke influence in composition, 2050 futuristic design language, elegant negative space, multiple streamlined chrome pathways emerging from central core and branching upward into distinct vertical columns, sophisticated dimensional layering showing hierarchical business structure, abstract chrome nodes representing business verticals at different scales, reflective metallic surfaces with depth and precision, no text --ar 16:9 --style cinematic --v 6.0
2025-03-31 04:40:55,529 - INFO - Calling Ideogram API for resource vertical-integration-strategy...
2025-03-31 04:41:15,405 - INFO - Successfully received response from Ideogram API for vertical-integration-strategy
2025-03-31 04:41:16,388 - INFO - Successfully saved image for vertical-integration-strategy to public\core_philosophy_strategy\vertical-integration-strategy.png
2025-03-31 04:41:16,390 - INFO - Processing resource: Technology Unification Principles (technology-unification-principles)
2025-03-31 04:41:16,390 - INFO - Generating Ideogram prompt for resource: Technology Unification Principles
2025-03-31 04:41:16,390 - INFO - Successfully loaded and modified visual style guide
2025-03-31 04:41:19,376 - INFO - Successfully generated Ideogram prompt for Technology Unification Principles
2025-03-31 04:41:19,376 - INFO - Full prompt for Technology Unification Principles: technology unification principles visualization rendered in liquid chrome on white steel background, calligraphy-inspired flowing paths with ultramodern aesthetic, central core structure with extending modular components, silver-blue gradient metal with reflective properties, brushstroke influence in composition, 2050 futuristic design language, elegant negative space, interconnected geometric forms radiating from unified center element, sophisticated light effects highlighting connection points between modular elements, cohesive system with adaptable extensions, precision-engineered balance between standardization and flexibility, no text --ar 16:9 --style cinematic --v 6.0
2025-03-31 04:41:19,377 - INFO - Calling Ideogram API for resource technology-unification-principles...
2025-03-31 04:41:39,129 - INFO - Successfully received response from Ideogram API for technology-unification-principles
2025-03-31 04:41:40,295 - INFO - Successfully saved image for technology-unification-principles to public\core_philosophy_strategy\technology-unification-principles.png
2025-03-31 04:41:40,298 - INFO - Waiting 15 seconds between batches...
2025-03-31 04:41:55,298 - INFO - Processing batch 2 of 9 (3 resources)
2025-03-31 04:41:55,299 - INFO - Processing resource: First Principles Decision-Making Framework (first-principles-decision-making)
2025-03-31 04:41:55,299 - INFO - Generating Ideogram prompt for resource: First Principles Decision-Making Framework
2025-03-31 04:41:55,299 - INFO - Successfully loaded and modified visual style guide
2025-03-31 04:41:58,914 - INFO - Successfully generated Ideogram prompt for First Principles Decision-Making Framework
2025-03-31 04:41:58,914 - INFO - Full prompt for First Principles Decision-Making Framework: first principles decision-making framework rendered in liquid chrome on white steel background, calligraphy-inspired flowing pathways with ultramodern aesthetic, silver-blue gradient metal with reflective properties, brushstroke influence in composition, 2050 futuristic design language, elegant negative space, deconstructed geometric shapes breaking down into fundamental elements then reforming into complex structures, layers of chrome decision trees with branching paths showing problem decomposition, sophisticated light effects illuminating core truths at the center, no text, dimensional floating elements showing methodical progression from basic principles to innovative solutions --ar 16:9 --style cinematic --v 6.0
2025-03-31 04:41:58,915 - INFO - Calling Ideogram API for resource first-principles-decision-making...
2025-03-31 04:42:18,848 - INFO - Successfully received response from Ideogram API for first-principles-decision-making
2025-03-31 04:42:19,768 - INFO - Successfully saved image for first-principles-decision-making to public\core_philosophy_strategy\first-principles-decision-making.png
2025-03-31 04:42:19,769 - INFO - Processing resource: KinOS Engine Architecture Guide (kinos-engine-architecture-guide)
2025-03-31 04:42:19,769 - INFO - Generating Ideogram prompt for resource: KinOS Engine Architecture Guide
2025-03-31 04:42:19,769 - INFO - Successfully loaded and modified visual style guide
2025-03-31 04:43:35,919 - INFO - Starting resource image generation process
2025-03-31 04:43:35,919 - INFO - Loading resources.json...
2025-03-31 04:43:35,919 - INFO - Successfully loaded resources.json with 25 resources
2025-03-31 04:43:35,920 - INFO - Skipping KinOS Ventures Manifesto - image already exists
2025-03-31 04:43:35,920 - INFO - Skipping Vertical Integration Strategy - image already exists
2025-03-31 04:43:35,920 - INFO - Skipping Technology Unification Principles - image already exists
2025-03-31 04:43:35,920 - INFO - Skipping First Principles Decision-Making Framework - image already exists
2025-03-31 04:43:35,920 - INFO - Found 21 resources to process
2025-03-31 04:43:35,920 - INFO - Processing batch 1 of 7 (3 resources)
2025-03-31 04:43:35,921 - INFO - Processing resource: KinOS Engine Architecture Guide (kinos-engine-architecture-guide)
2025-03-31 04:43:35,921 - INFO - Generating Ideogram prompt for resource: KinOS Engine Architecture Guide
2025-03-31 04:43:35,921 - INFO - Successfully loaded and modified visual style guide
2025-03-31 04:43:41,527 - INFO - Successfully generated Ideogram prompt for KinOS Engine Architecture Guide
2025-03-31 04:43:41,527 - INFO - Full prompt for KinOS Engine Architecture Guide: advanced technological blueprint visualization rendered in liquid chrome on white steel background, calligraphy-inspired architecture diagram with ultramodern aesthetic, silver-blue gradient metal with reflective properties, brushstroke influence in composition, 2050 futuristic design language, elegant negative space, recognizable computer processor core at center connecting to memory banks and growth modules through flowing pathways, adaptive learning nodes arranged in neural network pattern, dimensional layers showing system connections, sophisticated light effects highlighting data flow patterns between components, liquid chrome gears and circuit pathways forming a complex yet elegant machinery, no text --ar 16:9 --style cinematic --v 6.0
2025-03-31 04:43:41,528 - INFO - Calling Ideogram API for resource kinos-engine-architecture-guide...
2025-03-31 04:44:02,413 - INFO - Successfully received response from Ideogram API for kinos-engine-architecture-guide
2025-03-31 04:44:03,448 - INFO - Successfully saved image for kinos-engine-architecture-guide to public\technology_product_development\kinos-engine-architecture-guide.png
2025-03-31 04:44:03,449 - INFO - Processing resource: Product Development Lifecycle (product-development-lifecycle)
2025-03-31 04:44:03,450 - INFO - Generating Ideogram prompt for resource: Product Development Lifecycle
2025-03-31 04:44:03,450 - INFO - Successfully loaded and modified visual style guide
2025-03-31 04:44:08,859 - INFO - Successfully generated Ideogram prompt for Product Development Lifecycle
2025-03-31 04:44:08,859 - INFO - Full prompt for Product Development Lifecycle: product development lifecycle rendered in liquid chrome on white steel background, calligraphy-inspired flowchart with ultramodern aesthetic, silver-blue gradient metal with reflective properties, brushstroke influence in composition, 2050 futuristic design language, elegant negative space, flowing chrome pathway forming a circular journey with distinct recognizable stages: lightbulb (idea), gear (engineering), testing tools, rocket launch, and user interface elements, connected by dynamic helix-like paths showing iteration loops, sophisticated light effects highlighting the transformation from concept to product, no text, dimensional layering creating sense of process movement and evolution --ar 16:9 --style cinematic --v 6.0
2025-03-31 04:44:08,861 - INFO - Calling Ideogram API for resource product-development-lifecycle...
2025-03-31 04:44:28,887 - INFO - Successfully received response from Ideogram API for product-development-lifecycle
2025-03-31 04:44:29,937 - INFO - Successfully saved image for product-development-lifecycle to public\technology_product_development\product-development-lifecycle.png
2025-03-31 04:44:29,938 - INFO - Processing resource: Cross-Vertical Feature Implementation Protocol (cross-vertical-feature-implementation)
2025-03-31 04:44:29,938 - INFO - Generating Ideogram prompt for resource: Cross-Vertical Feature Implementation Protocol
2025-03-31 04:44:29,939 - INFO - Successfully loaded and modified visual style guide
2025-03-31 04:44:34,489 - INFO - Successfully generated Ideogram prompt for Cross-Vertical Feature Implementation Protocol
2025-03-31 04:44:34,489 - INFO - Full prompt for Cross-Vertical Feature Implementation Protocol: cross-vertical feature implementation protocol rendered in liquid chrome on white steel background, calligraphy-inspired system diagram with ultramodern aesthetic, silver-blue gradient metal with reflective properties, brushstroke influence in composition, 2050 futuristic design language, elegant negative space, clearly recognizable flowing chrome bridges connecting multiple product modules arranged in a grid pattern, sophisticated light effects highlighting central hub distributing features to satellite platforms, chrome pathways forming a unified distribution network between distinct product structures, modular puzzle pieces that perfectly interlock across different platforms, central core feature repository with extending implementation pathways, no text, dimensional layering showing feature deployment flow across product verticals --ar 16:9 --style cinematic --v 6.0
2025-03-31 04:44:34,491 - INFO - Calling Ideogram API for resource cross-vertical-feature-implementation...
2025-03-31 04:44:54,328 - INFO - Successfully received response from Ideogram API for cross-vertical-feature-implementation
2025-03-31 04:44:55,451 - INFO - Successfully saved image for cross-vertical-feature-implementation to public\technology_product_development\cross-vertical-feature-implementation.png
2025-03-31 04:44:55,455 - INFO - Waiting 15 seconds between batches...
2025-03-31 04:45:10,456 - INFO - Processing batch 2 of 7 (3 resources)
2025-03-31 04:45:10,456 - INFO - Processing resource: Technical Debt Management Strategy (technical-debt-management)
2025-03-31 04:45:10,457 - INFO - Generating Ideogram prompt for resource: Technical Debt Management Strategy
2025-03-31 04:45:10,458 - INFO - Successfully loaded and modified visual style guide
2025-03-31 04:45:16,548 - INFO - Successfully generated Ideogram prompt for Technical Debt Management Strategy
2025-03-31 04:45:16,549 - INFO - Full prompt for Technical Debt Management Strategy: technical debt management strategy rendered in liquid chrome on white steel background, calligraphy-inspired flowing elements with ultramodern aesthetic, silver-blue gradient metal with reflective properties, brushstroke influence in composition, 2050 futuristic design language, elegant negative space, recognizable balance scale with code blocks on one side and architectural blueprints on the other, sophisticated light effects highlighting a central bridge connecting fast-track and long-term paths, liquid chrome gears and clockwork mechanisms representing technical systems, clearly visible directional arrows forming a cycle between innovation sprints and architectural refinement phases, reflective spheres representing decision points at crossroads, no text, dimensional chrome tools like wrenches and digital measuring instruments floating at different depths --ar 16:9 --style cinematic --v 6.0
2025-03-31 04:45:16,549 - INFO - Calling Ideogram API for resource technical-debt-management...
2025-03-31 04:45:35,999 - INFO - Successfully received response from Ideogram API for technical-debt-management
2025-03-31 04:45:36,906 - INFO - Successfully saved image for technical-debt-management to public\technology_product_development\technical-debt-management.png
2025-03-31 04:45:36,908 - INFO - Processing resource: AI Memory & Context Retention Standards (ai-memory-context-retention)
2025-03-31 04:45:36,908 - INFO - Generating Ideogram prompt for resource: AI Memory & Context Retention Standards
2025-03-31 04:45:36,908 - INFO - Successfully loaded and modified visual style guide
2025-03-31 04:45:41,101 - INFO - Successfully generated Ideogram prompt for AI Memory & Context Retention Standards
2025-03-31 04:45:41,102 - INFO - Full prompt for AI Memory & Context Retention Standards: AI memory and context retention visualization rendered in liquid chrome on white steel background, calligraphy-inspired flowing pathways with ultramodern aesthetic, silver-blue gradient metal with reflective properties, brushstroke influence in composition, 2050 futuristic design language, elegant negative space, recognizable brain structure with neural pathways connecting to multiple data storage units, memory block structures arranged in hierarchical layers, timeline ribbon winding through the composition showing continuity of information flow, sophisticated light effects highlighting connection points between memory nodes, advanced database containers with reflective chrome surfaces, no text, dimensional layering suggesting depth of memory retention --ar 16:9 --style cinematic --v 6.0
2025-03-31 04:45:41,103 - INFO - Calling Ideogram API for resource ai-memory-context-retention...
2025-03-31 04:46:01,609 - INFO - Successfully received response from Ideogram API for ai-memory-context-retention
2025-03-31 04:46:02,503 - INFO - Successfully saved image for ai-memory-context-retention to public\technology_product_development\ai-memory-context-retention.png
2025-03-31 04:46:02,505 - INFO - Processing resource: Organizational Structure Blueprint (organizational-structure-blueprint)
2025-03-31 04:46:02,505 - INFO - Generating Ideogram prompt for resource: Organizational Structure Blueprint
2025-03-31 04:46:02,506 - INFO - Successfully loaded and modified visual style guide
2025-03-31 04:46:06,928 - INFO - Successfully generated Ideogram prompt for Organizational Structure Blueprint
2025-03-31 04:46:06,928 - INFO - Full prompt for Organizational Structure Blueprint: organizational structure blueprint rendered in liquid chrome on white steel background, calligraphy-inspired flowchart with ultramodern aesthetic, silver-blue gradient metal with reflective properties, brushstroke influence in composition, 2050 futuristic design language, elegant negative space, interconnected chrome pyramidal structure with a larger central pyramid connected to smaller satellite pyramids via flowing chrome pathways, organizational hierarchy with clear central hub and radiating business units, sophisticated light effects highlighting connections between elements, dimensional chrome organizational chart floating above white steel surface, no text, precision-engineered structural elements balanced with fluid connecting lines --ar 16:9 --style cinematic --v 6.0
2025-03-31 04:46:06,929 - INFO - Calling Ideogram API for resource organizational-structure-blueprint...
2025-03-31 04:46:27,001 - INFO - Successfully received response from Ideogram API for organizational-structure-blueprint
2025-03-31 04:46:28,152 - INFO - Successfully saved image for organizational-structure-blueprint to public\operations_management\organizational-structure-blueprint.png
2025-03-31 04:46:28,153 - INFO - Waiting 15 seconds between batches...
2025-03-31 04:46:43,153 - INFO - Processing batch 3 of 7 (3 resources)
2025-03-31 04:46:43,153 - INFO - Processing resource: Resource Allocation Framework (resource-allocation-framework)
2025-03-31 04:46:43,153 - INFO - Generating Ideogram prompt for resource: Resource Allocation Framework
2025-03-31 04:46:43,154 - INFO - Successfully loaded and modified visual style guide
2025-03-31 04:46:47,888 - INFO - Successfully generated Ideogram prompt for Resource Allocation Framework
2025-03-31 04:46:47,888 - INFO - Full prompt for Resource Allocation Framework: resource allocation framework rendered in liquid chrome on white steel background, calligraphy-inspired flowing distribution diagram with ultramodern aesthetic, silver-blue gradient metal with reflective properties, brushstroke influence in composition, 2050 futuristic design language, elegant negative space, liquid chrome streams flowing from a central hub into multiple distinct vertical channels, recognizable pie chart dividing resources with precision cuts, chrome scales balancing priorities, floating measurement gauges showing metrics, sophisticated chrome grid system partitioning areas, dimensional resource blocks of varying sizes being distributed across different pathways, sophisticated light effects highlighting the distribution flow, no text, pristine mathematical precision with organic distribution movement --ar 16:9 --style cinematic --v 6.0
2025-03-31 04:46:47,889 - INFO - Calling Ideogram API for resource resource-allocation-framework...
2025-03-31 04:47:08,268 - INFO - Successfully received response from Ideogram API for resource-allocation-framework
2025-03-31 04:47:09,449 - INFO - Successfully saved image for resource-allocation-framework to public\operations_management\resource-allocation-framework.png
2025-03-31 04:47:09,451 - INFO - Processing resource: Metrics Standardization Guide (metrics-standardization-guide)
2025-03-31 04:47:09,451 - INFO - Generating Ideogram prompt for resource: Metrics Standardization Guide
2025-03-31 04:47:09,451 - INFO - Successfully loaded and modified visual style guide
2025-03-31 04:47:13,613 - INFO - Successfully generated Ideogram prompt for Metrics Standardization Guide
2025-03-31 04:47:13,613 - INFO - Full prompt for Metrics Standardization Guide: metrics standardization guide rendered in liquid chrome on white steel background, calligraphy-inspired measurement tools with ultramodern aesthetic, silver-blue gradient metal with reflective properties, brushstroke influence in composition, 2050 futuristic design language, elegant negative space, flowing chrome ruler, measuring tape, dashboard gauges, 3D bar charts, and comparative scales arranged in perfect alignment, sophisticated light effects highlighting the standardized measurement tools connecting different business elements, liquid chrome arrows pointing to common measurement points across different geometric shapes representing business units, unified measurement framework visualized as interconnected chrome grid with floating data points, no text, precise dimensional layering showing relationships between metrics --ar 16:9 --style cinematic --v 6.0
2025-03-31 04:47:13,615 - INFO - Calling Ideogram API for resource metrics-standardization-guide...
2025-03-31 04:47:33,795 - INFO - Successfully received response from Ideogram API for metrics-standardization-guide
2025-03-31 04:47:35,044 - INFO - Successfully saved image for metrics-standardization-guide to public\operations_management\metrics-standardization-guide.png
2025-03-31 04:47:35,045 - INFO - Processing resource: Vertical Performance Evaluation System (vertical-performance-evaluation)
2025-03-31 04:47:35,045 - INFO - Generating Ideogram prompt for resource: Vertical Performance Evaluation System
2025-03-31 04:47:35,046 - INFO - Successfully loaded and modified visual style guide
2025-03-31 04:47:39,397 - INFO - Successfully generated Ideogram prompt for Vertical Performance Evaluation System
2025-03-31 04:47:39,397 - INFO - Full prompt for Vertical Performance Evaluation System: vertical performance evaluation system rendered in liquid chrome on white steel background, calligraphy-inspired dashboard with ultramodern aesthetic, silver-blue gradient metal with reflective properties, brushstroke influence in composition, 2050 futuristic design language, elegant negative space, recognizable balanced scorecard with four quadrants (financial, technological, market, strategic) arranged in a circular format, flowing chrome measurement dials and metrics indicators pointing to different performance levels, business graph chart with upward trajectory, magnifying glass examining data points, clearly visible compass rose representing strategic direction, sophisticated light effects highlighting key performance indicators, no text, dimensional business unit columns of varying heights arranged vertically to show comparative performance --ar 16:9 --style cinematic --v 6.0
2025-03-31 04:47:39,398 - INFO - Calling Ideogram API for resource vertical-performance-evaluation...
2025-03-31 04:49:57,128 - INFO - Starting resource image generation process
2025-03-31 04:49:57,128 - INFO - Loading resources.json...
2025-03-31 04:49:57,128 - INFO - Successfully loaded resources.json with 25 resources
2025-03-31 04:49:57,128 - INFO - Skipping KinOS Ventures Manifesto - image already exists
2025-03-31 04:49:57,129 - INFO - Skipping Vertical Integration Strategy - image already exists
2025-03-31 04:49:57,129 - INFO - Skipping Technology Unification Principles - image already exists
2025-03-31 04:49:57,129 - INFO - Skipping First Principles Decision-Making Framework - image already exists
2025-03-31 04:49:57,129 - INFO - Skipping KinOS Engine Architecture Guide - image already exists
2025-03-31 04:49:57,129 - INFO - Skipping Product Development Lifecycle - image already exists
2025-03-31 04:49:57,129 - INFO - Skipping Cross-Vertical Feature Implementation Protocol - image already exists
2025-03-31 04:49:57,129 - INFO - Skipping Technical Debt Management Strategy - image already exists
2025-03-31 04:49:57,130 - INFO - Skipping AI Memory & Context Retention Standards - image already exists
2025-03-31 04:49:57,130 - INFO - Skipping Organizational Structure Blueprint - image already exists
2025-03-31 04:49:57,130 - INFO - Skipping Resource Allocation Framework - image already exists
2025-03-31 04:49:57,130 - INFO - Skipping Metrics Standardization Guide - image already exists
2025-03-31 04:49:57,130 - INFO - Found 13 resources to process
2025-03-31 04:49:57,130 - INFO - Processing batch 1 of 5 (3 resources)
2025-03-31 04:49:57,130 - INFO - Processing resource: Vertical Performance Evaluation System (vertical-performance-evaluation)
2025-03-31 04:49:57,131 - INFO - Generating Ideogram prompt for resource: Vertical Performance Evaluation System
2025-03-31 04:49:57,131 - INFO - Successfully loaded and modified visual style guide
2025-03-31 04:50:01,054 - INFO - Successfully generated Ideogram prompt for Vertical Performance Evaluation System
2025-03-31 04:50:01,054 - INFO - Full prompt for Vertical Performance Evaluation System: balanced scorecard performance evaluation system rendered in liquid chrome on white steel background, calligraphy-inspired measurement dashboard with ultramodern aesthetic, silver-blue gradient metal with reflective properties, brushstroke influence in composition, 2050 futuristic design language, elegant negative space, clearly recognizable scorecard quadrants showing financial charts, technology metrics, market growth curves, and strategic compass, sophisticated light effects highlighting the intersecting quadrants, flowing chrome measurement dials and performance indicators at different heights, vertical business units represented as rising chrome pillars of varying heights connected by flowing data streams, dimensional layering creating sense of depth between metrics and business units, no text --ar 16:9 --style cinematic --v 6.0
2025-03-31 04:50:01,055 - INFO - Calling Ideogram API for resource vertical-performance-evaluation...
2025-03-31 04:50:21,133 - INFO - Successfully received response from Ideogram API for vertical-performance-evaluation
2025-03-31 04:50:22,232 - INFO - Successfully saved image for vertical-performance-evaluation to public\operations_management\vertical-performance-evaluation.png
2025-03-31 04:50:22,234 - INFO - Processing resource: Partner Integration Handbook (partner-integration-handbook)
2025-03-31 04:50:22,234 - INFO - Generating Ideogram prompt for resource: Partner Integration Handbook
2025-03-31 04:50:22,234 - INFO - Successfully loaded and modified visual style guide
2025-03-31 04:50:25,963 - INFO - Successfully generated Ideogram prompt for Partner Integration Handbook
2025-03-31 04:50:25,963 - INFO - Full prompt for Partner Integration Handbook: partner integration handbook visualization rendered in liquid chrome on white steel background, calligraphy-inspired network diagram with ultramodern aesthetic, silver-blue gradient metal with reflective properties, brushstroke influence in composition, 2050 futuristic design language, elegant negative space, flowing chrome handshake symbol at center connecting to multiple recognizable puzzle pieces that interlock perfectly, chrome bridge structures linking different platforms represented by distinct geometric shapes, standardized connection ports visible at integration points, sophisticated light effects highlighting partnership pathways, dimensional layering showing different integration levels, no text, precise technical detailing with organic flowing lines --ar 16:9 --style cinematic --v 6.0
2025-03-31 04:50:25,965 - INFO - Calling Ideogram API for resource partner-integration-handbook...
2025-03-31 04:50:46,023 - INFO - Successfully received response from Ideogram API for partner-integration-handbook
2025-03-31 04:50:47,114 - INFO - Successfully saved image for partner-integration-handbook to public\operations_management\partner-integration-handbook.png
2025-03-31 04:50:47,115 - INFO - Processing resource: KinOS Knowledge Transfer Protocol (kinos-knowledge-transfer-protocol)
2025-03-31 04:50:47,115 - INFO - Generating Ideogram prompt for resource: KinOS Knowledge Transfer Protocol
2025-03-31 04:50:47,116 - INFO - Successfully loaded and modified visual style guide
2025-03-31 04:50:51,787 - INFO - Successfully generated Ideogram prompt for KinOS Knowledge Transfer Protocol
2025-03-31 04:50:51,788 - INFO - Full prompt for KinOS Knowledge Transfer Protocol: knowledge transfer system rendered in liquid chrome on white steel background, calligraphy-inspired flowing pathways with ultramodern aesthetic, silver-blue gradient metal with reflective properties, brushstroke influence in composition, 2050 futuristic design language, elegant negative space, clearly recognizable brain shape connected to multiple smaller nodes via flowing metallic rivers of information, digital knowledge repository represented as a sleek crystalline structure, team silhouettes exchanging chrome data packets across pathways, sophisticated light effects highlighting connection points, no text, reflective chrome surfaces capturing environmental light --ar 16:9 --style cinematic --v 6.0
2025-03-31 04:50:51,789 - INFO - Calling Ideogram API for resource kinos-knowledge-transfer-protocol...
2025-03-31 04:51:12,071 - INFO - Successfully received response from Ideogram API for kinos-knowledge-transfer-protocol
2025-03-31 04:51:13,196 - INFO - Successfully saved image for kinos-knowledge-transfer-protocol to public\culture_talent\kinos-knowledge-transfer-protocol.png
2025-03-31 04:51:13,197 - INFO - Waiting 15 seconds between batches...
2025-03-31 04:51:28,198 - INFO - Processing batch 2 of 5 (3 resources)
2025-03-31 04:51:28,199 - INFO - Processing resource: Talent Acquisition & Development Strategy (talent-acquisition-development)
2025-03-31 04:51:28,199 - INFO - Generating Ideogram prompt for resource: Talent Acquisition & Development Strategy
2025-03-31 04:51:28,200 - INFO - Successfully loaded and modified visual style guide
2025-03-31 04:51:34,901 - INFO - Successfully generated Ideogram prompt for Talent Acquisition & Development Strategy
2025-03-31 04:51:34,901 - INFO - Full prompt for Talent Acquisition & Development Strategy: talent acquisition and development strategy rendered in liquid chrome on white steel background, calligraphy-inspired flowing elements with ultramodern aesthetic, silver-blue gradient metal with reflective properties, brushstroke influence in composition, 2050 futuristic design language, elegant negative space, liquid chrome forming clearly recognizable human silhouettes at different growth stages connected by a spiral staircase pathway, chrome puzzle pieces fitting together to form a complete structure, a magnifying glass examining a chrome DNA double helix representing core values, multiple tiers of floating platforms with figures collaborating across levels, sophisticated light effects highlighting the talent development journey, no text, pristine white steel surface contrasting with reflective chrome elements --ar 16:9 --style cinematic --v 6.0
2025-03-31 04:51:34,903 - INFO - Calling Ideogram API for resource talent-acquisition-development...
2025-03-31 04:53:12,205 - INFO - Starting resource image generation process
2025-03-31 04:53:12,206 - INFO - Loading resources.json...
2025-03-31 04:53:12,206 - INFO - Successfully loaded resources.json with 25 resources
2025-03-31 04:53:12,206 - INFO - Skipping KinOS Ventures Manifesto - image already exists
2025-03-31 04:53:12,206 - INFO - Skipping Vertical Integration Strategy - image already exists
2025-03-31 04:53:12,206 - INFO - Skipping Technology Unification Principles - image already exists
2025-03-31 04:53:12,207 - INFO - Skipping First Principles Decision-Making Framework - image already exists
2025-03-31 04:53:12,207 - INFO - Skipping KinOS Engine Architecture Guide - image already exists
2025-03-31 04:53:12,207 - INFO - Skipping Product Development Lifecycle - image already exists
2025-03-31 04:53:12,207 - INFO - Skipping Cross-Vertical Feature Implementation Protocol - image already exists
2025-03-31 04:53:12,207 - INFO - Skipping Technical Debt Management Strategy - image already exists
2025-03-31 04:53:12,208 - INFO - Skipping AI Memory & Context Retention Standards - image already exists
2025-03-31 04:53:12,208 - INFO - Skipping Organizational Structure Blueprint - image already exists
2025-03-31 04:53:12,208 - INFO - Skipping Resource Allocation Framework - image already exists
2025-03-31 04:53:12,208 - INFO - Skipping Metrics Standardization Guide - image already exists
2025-03-31 04:53:12,208 - INFO - Skipping Vertical Performance Evaluation System - image already exists
2025-03-31 04:53:12,208 - INFO - Skipping Partner Integration Handbook - image already exists
2025-03-31 04:53:12,208 - INFO - Skipping KinOS Knowledge Transfer Protocol - image already exists
2025-03-31 04:53:12,209 - INFO - Found 10 resources to process
2025-03-31 04:53:12,209 - INFO - Processing batch 1 of 4 (3 resources)
2025-03-31 04:53:12,209 - INFO - Processing resource: Talent Acquisition & Development Strategy (talent-acquisition-development)
2025-03-31 04:53:12,209 - INFO - Generating Ideogram prompt for resource: Talent Acquisition & Development Strategy
2025-03-31 04:53:12,210 - INFO - Successfully loaded and modified visual style guide
2025-03-31 04:53:17,021 - INFO - Successfully generated Ideogram prompt for Talent Acquisition & Development Strategy
2025-03-31 04:53:17,021 - INFO - Full prompt for Talent Acquisition & Development Strategy: talent acquisition and development visualization rendered in liquid chrome on white steel background, calligraphy-inspired human silhouettes at different growth stages with ultramodern aesthetic, silver-blue gradient metal with reflective properties, brushstroke influence in composition, 2050 futuristic design language, elegant negative space, liquid chrome forming clearly recognizable human figures connected by flowing pathways representing development and growth, sophisticated light effects highlighting a team arrangement where diverse figures stand together in a semicircle formation, with smaller figures visibly growing and developing into larger ones, chrome DNA-like double helix connecting all figures symbolizing shared values, NO TEXT whatsoever, NO TEXT of any kind, dimensional layering showing expertise levels while maintaining connection, NO TEXT or writing elements --ar 16:9 --style cinematic --v 6.0
2025-03-31 04:53:17,023 - INFO - Calling Ideogram API for resource talent-acquisition-development...
2025-03-31 04:53:36,858 - INFO - Successfully received response from Ideogram API for talent-acquisition-development
2025-03-31 04:53:38,366 - INFO - Successfully saved image for talent-acquisition-development to public\culture_talent\talent-acquisition-development.png
2025-03-31 04:53:38,367 - INFO - Processing resource: Remote-First Collaboration Framework (remote-first-collaboration)
2025-03-31 04:53:38,368 - INFO - Generating Ideogram prompt for resource: Remote-First Collaboration Framework
2025-03-31 04:53:38,368 - INFO - Successfully loaded and modified visual style guide
2025-03-31 04:53:43,449 - INFO - Successfully generated Ideogram prompt for Remote-First Collaboration Framework
2025-03-31 04:53:43,450 - INFO - Full prompt for Remote-First Collaboration Framework: remote work collaboration concept rendered in liquid chrome on white steel background, calligraphy-inspired flowing elements with ultramodern aesthetic, silver-blue gradient metal with reflective properties, brushstroke influence in composition, 2050 futuristic design language, elegant negative space, liquid chrome forming clearly recognizable shapes of connected people silhouettes at different locations linked by flowing communication pathways, sophisticated network of nodes representing team members with connection lines between them, dimensional computer screens and virtual meeting spaces floating at different depths, chrome digital devices reflecting light, distributed puzzle pieces perfectly fitting together, NO TEXT, communication signal waves connecting isolated workspaces, NO TEXT whatsoever, digital bridge structures linking separate islands, advanced collaboration tools rendered as floating chrome instruments, NO TEXT or writing of any kind --ar 16:9 --style cinematic --v 6.0
2025-03-31 04:53:43,452 - INFO - Calling Ideogram API for resource remote-first-collaboration...
2025-03-31 04:54:02,769 - INFO - Successfully received response from Ideogram API for remote-first-collaboration
2025-03-31 04:54:04,110 - INFO - Successfully saved image for remote-first-collaboration to public\culture_talent\remote-first-collaboration.png
2025-03-31 04:54:04,111 - INFO - Processing resource: Innovation Incentive Structure (innovation-incentive-structure)
2025-03-31 04:54:04,111 - INFO - Generating Ideogram prompt for resource: Innovation Incentive Structure
2025-03-31 04:54:04,112 - INFO - Successfully loaded and modified visual style guide
2025-03-31 04:54:09,738 - INFO - Successfully generated Ideogram prompt for Innovation Incentive Structure
2025-03-31 04:54:09,739 - INFO - Full prompt for Innovation Incentive Structure: innovation incentive structure rendered in liquid chrome on white steel background, calligraphy-inspired interconnected gears and reward stars with ultramodern aesthetic, silver-blue gradient metal with reflective properties, brushstroke influence in composition, 2050 futuristic design language, elegant negative space, multiple clearly recognizable chrome gears of different sizes connected by flowing pathways, with shining trophy cups and star medals emerging from connections between gears, sophisticated light effects highlighting the flow of resources between components, NO TEXT, chrome ripple effect showing influence spreading across multiple distinct segments representing verticals, recognition symbols like laurel wreaths and medals floating at different depths, NO TEXT whatsoever, bridge-like structures connecting separate platforms, NO TEXT, clean minimalist design with precise dimensional layering --ar 16:9 --style cinematic --v 6.0
2025-03-31 04:54:09,741 - INFO - Calling Ideogram API for resource innovation-incentive-structure...
2025-03-31 04:54:30,415 - INFO - Successfully received response from Ideogram API for innovation-incentive-structure
2025-03-31 04:54:31,612 - INFO - Successfully saved image for innovation-incentive-structure to public\culture_talent\innovation-incentive-structure.png
2025-03-31 04:54:31,613 - INFO - Waiting 15 seconds between batches...
2025-03-31 04:54:46,614 - INFO - Processing batch 2 of 4 (3 resources)
2025-03-31 04:54:46,614 - INFO - Processing resource: AI Ethics & Responsibility Charter (ai-ethics-responsibility-charter)
2025-03-31 04:54:46,614 - INFO - Generating Ideogram prompt for resource: AI Ethics & Responsibility Charter
2025-03-31 04:54:46,614 - INFO - Successfully loaded and modified visual style guide
2025-03-31 04:54:51,314 - INFO - Successfully generated Ideogram prompt for AI Ethics & Responsibility Charter
2025-03-31 04:54:51,315 - INFO - Full prompt for AI Ethics & Responsibility Charter: AI ethics responsibility charter visualization rendered in liquid chrome on white steel background, calligraphy-inspired flowing elements with ultramodern aesthetic, silver-blue gradient metal with reflective properties, brushstroke influence in composition, 2050 futuristic design language, elegant negative space, liquid chrome forming clearly recognizable shapes: a perfect balance scale representing justice and fairness, a human hand and robotic hand reaching toward each other symbolizing responsible AI-human partnership, a shield with transparency showing through it representing protection and transparency, a circular pathway representing continuous ethical oversight, sophisticated light effects highlighting the ethical balance between technology advancement and human values, NO TEXT, absolutely NO TEXT or writing of any kind, NO TEXT whatsoever --ar 16:9 --style cinematic --v 6.0
2025-03-31 04:54:51,319 - INFO - Calling Ideogram API for resource ai-ethics-responsibility-charter...
2025-03-31 04:55:11,282 - INFO - Successfully received response from Ideogram API for ai-ethics-responsibility-charter
2025-03-31 04:55:12,848 - INFO - Successfully saved image for ai-ethics-responsibility-charter to public\culture_talent\ai-ethics-responsibility-charter.png
2025-03-31 04:55:12,849 - INFO - Processing resource: Vertical Market Selection Criteria (vertical-market-selection-criteria)
2025-03-31 04:55:12,850 - INFO - Generating Ideogram prompt for resource: Vertical Market Selection Criteria
2025-03-31 04:55:12,850 - INFO - Successfully loaded and modified visual style guide
2025-03-31 04:55:17,945 - INFO - Successfully generated Ideogram prompt for Vertical Market Selection Criteria
2025-03-31 04:55:17,945 - INFO - Full prompt for Vertical Market Selection Criteria: market assessment and selection framework rendered in liquid chrome on white steel background, calligraphy-inspired evaluation matrix with ultramodern aesthetic, silver-blue gradient metal with reflective properties, brushstroke influence in composition, 2050 futuristic design language, elegant negative space, liquid chrome forming clearly recognizable magnifying glass examining multiple market segments represented as different sized chrome spheres, sophisticated light effects highlighting priority ranking system with tiered platforms of different heights with the highest platform containing the largest sphere, flowing chrome pathways connecting evaluation criteria represented by a filter funnel shape pouring liquid chrome into organized grid structure, NO TEXT, NO LETTERS, NO NUMBERS whatsoever, brushstroke-influenced strategic evaluation framework, NO TEXT of any kind --ar 16:9 --style cinematic --v 6.0
2025-03-31 04:55:17,948 - INFO - Calling Ideogram API for resource vertical-market-selection-criteria...
2025-03-31 04:55:37,900 - INFO - Successfully received response from Ideogram API for vertical-market-selection-criteria
2025-03-31 04:55:38,949 - INFO - Successfully saved image for vertical-market-selection-criteria to public\business_growth\vertical-market-selection-criteria.png
2025-03-31 04:55:38,950 - INFO - Processing resource: Go-To-Market Playbook (go-to-market-playbook)
2025-03-31 04:55:38,950 - INFO - Generating Ideogram prompt for resource: Go-To-Market Playbook
2025-03-31 04:55:38,950 - INFO - Successfully loaded and modified visual style guide
2025-03-31 04:55:43,736 - INFO - Successfully generated Ideogram prompt for Go-To-Market Playbook
2025-03-31 04:55:43,737 - INFO - Full prompt for Go-To-Market Playbook: go-to-market strategy visualization rendered in liquid chrome on white steel background, calligraphy-inspired flowing pathways with ultramodern aesthetic, silver-blue gradient metal with reflective properties, brushstroke influence in composition, 2050 futuristic design language, elegant negative space, liquid chrome forming clearly recognizable rocket launching upward with trajectory path, megaphone broadcasting outward with ripple effects, target with arrow striking bullseye, network of interconnected nodes representing different market verticals, sophisticated light effects highlighting strategic pathways connecting all elements, NO TEXT, NO WRITING, NO LETTERS OR NUMBERS OF ANY KIND, dimensional layering with elements floating at different depths, precision engineered chrome elements with organic flowing connections between strategic components, NO TEXT WHATSOEVER --ar 16:9 --style cinematic --v 6.0
2025-03-31 04:55:43,738 - INFO - Calling Ideogram API for resource go-to-market-playbook...
2025-03-31 04:56:04,063 - INFO - Successfully received response from Ideogram API for go-to-market-playbook
2025-03-31 04:56:05,261 - INFO - Successfully saved image for go-to-market-playbook to public\business_growth\go-to-market-playbook.png
2025-03-31 04:56:05,264 - INFO - Waiting 15 seconds between batches...
2025-03-31 04:56:20,264 - INFO - Processing batch 3 of 4 (3 resources)
2025-03-31 04:56:20,264 - INFO - Processing resource: Pricing Philosophy & Framework (pricing-philosophy-framework)
2025-03-31 04:56:20,265 - INFO - Generating Ideogram prompt for resource: Pricing Philosophy & Framework
2025-03-31 04:56:20,265 - INFO - Successfully loaded and modified visual style guide
2025-03-31 04:56:25,820 - INFO - Successfully generated Ideogram prompt for Pricing Philosophy & Framework
2025-03-31 04:56:25,820 - INFO - Full prompt for Pricing Philosophy & Framework: value-based pricing framework rendered in liquid chrome on white steel background, calligraphy-inspired flowing price tags of different sizes and values connected to a central balance scale, with ultramodern aesthetic, silver-blue gradient metal with reflective properties, brushstroke influence in composition, 2050 futuristic design language, elegant negative space, liquid chrome forming clearly recognizable shapes of a perfectly balanced scale with multiple price tags of varying sizes suspended from each side showing equilibrium between cost and value, sophisticated light effects highlighting the dimensional relationship between customer segments represented as different sized chrome spheres connected to appropriate price points, NO TEXT, chrome flowing lines connecting the scale to a pyramid structure representing value tiers, NO TEXT WHATSOEVER, 3D chrome graph showing ascending value curve, NO TEXT, pristine reflective surface capturing light from multiple angles --ar 16:9 --style cinematic --v 6.0
2025-03-31 04:56:25,822 - INFO - Calling Ideogram API for resource pricing-philosophy-framework...
2025-03-31 04:56:45,271 - INFO - Successfully received response from Ideogram API for pricing-philosophy-framework
2025-03-31 04:56:46,540 - INFO - Successfully saved image for pricing-philosophy-framework to public\business_growth\pricing-philosophy-framework.png
2025-03-31 04:56:46,541 - INFO - Processing resource: Customer Success Integration Model (customer-success-integration-model)
2025-03-31 04:56:46,542 - INFO - Generating Ideogram prompt for resource: Customer Success Integration Model
2025-03-31 04:56:46,542 - INFO - Successfully loaded and modified visual style guide
2025-03-31 04:56:50,804 - INFO - Successfully generated Ideogram prompt for Customer Success Integration Model
2025-03-31 04:56:50,804 - INFO - Full prompt for Customer Success Integration Model: customer feedback loop system rendered in liquid chrome on white steel background, calligraphy-inspired flowing pathways with ultramodern aesthetic, silver-blue gradient metal with reflective properties, brushstroke influence in composition, 2050 futuristic design language, elegant negative space, sophisticated light effects, NO TEXT, clearly recognizable shapes showing a circular feedback system where human silhouettes connect to product shapes with flowing data streams between them, chrome arrows forming a continuous loop from customers to development and back, dimensional layering showing feedback analysis nodes floating at different depths, NO TEXT WHATSOEVER, pristine minimalist representation of integrated customer insights flowing into product improvement process, NO TEXT OR WRITING OF ANY KIND --ar 16:9 --style cinematic --v 6.0
2025-03-31 04:56:50,806 - INFO - Calling Ideogram API for resource customer-success-integration-model...
2025-03-31 04:57:10,373 - INFO - Successfully received response from Ideogram API for customer-success-integration-model
2025-03-31 04:57:11,595 - INFO - Successfully saved image for customer-success-integration-model to public\business_growth\customer-success-integration-model.png
2025-03-31 04:57:11,597 - INFO - Processing resource: Partnership Evaluation Matrix (partnership-evaluation-matrix)
2025-03-31 04:57:11,597 - INFO - Generating Ideogram prompt for resource: Partnership Evaluation Matrix
2025-03-31 04:57:11,598 - INFO - Successfully loaded and modified visual style guide
2025-03-31 04:57:15,911 - INFO - Successfully generated Ideogram prompt for Partnership Evaluation Matrix
2025-03-31 04:57:15,912 - INFO - Full prompt for Partnership Evaluation Matrix: partnership evaluation matrix visualization rendered in liquid chrome on white steel background, calligraphy-inspired flowing grid structure with ultramodern aesthetic, silver-blue gradient metal with reflective properties, brushstroke influence in composition, 2050 futuristic design language, elegant negative space, interconnected chrome matrix cells forming a clear evaluation framework, sophisticated light effects on reflective surfaces, decision flowchart with connected assessment nodes, recognizable handshake symbol formed in liquid chrome representing partnership, balance scales symbolizing evaluation criteria, connecting bridges between assessment points, dimensional layering showing hierarchical decision matrix, NO TEXT, absolutely NO TEXT or writing of any kind, precision engineered evaluation structure, NO TEXT whatsoever --ar 16:9 --style cinematic --v 6.0
2025-03-31 04:57:15,915 - INFO - Calling Ideogram API for resource partnership-evaluation-matrix...
2025-03-31 04:57:36,649 - INFO - Successfully received response from Ideogram API for partnership-evaluation-matrix
2025-03-31 04:57:38,328 - INFO - Successfully saved image for partnership-evaluation-matrix to public\business_growth\partnership-evaluation-matrix.png
2025-03-31 04:57:38,330 - INFO - Waiting 15 seconds between batches...
2025-03-31 04:57:53,331 - INFO - Processing batch 4 of 4 (1 resources)
2025-03-31 04:57:53,332 - INFO - Processing resource: Enterprise Client Engagement Protocol (enterprise-client-engagement-protocol)
2025-03-31 04:57:53,332 - INFO - Generating Ideogram prompt for resource: Enterprise Client Engagement Protocol
2025-03-31 04:57:53,333 - INFO - Successfully loaded and modified visual style guide
2025-03-31 04:57:58,301 - INFO - Successfully generated Ideogram prompt for Enterprise Client Engagement Protocol
2025-03-31 04:57:58,301 - INFO - Full prompt for Enterprise Client Engagement Protocol: enterprise client engagement protocol depicted as a liquid chrome handshake between two abstract human figures on white steel background, calligraphy-inspired flowing pathways connecting the figures representing relationship stages, silver-blue gradient metal with reflective properties, brushstroke influence in composition, clear pathway diagram with recognizable milestone markers shaped like diamonds, document scroll unfolding between figures showing implementation plan, 2050 futuristic design language, elegant negative space, sophisticated light effects highlighting the connection points, NO TEXT, clear visualization of client relationship journey with distinct phases, reflective chrome surface showing depth and dimension, NO TEXT WHATSOEVER, recognizable business meeting table floating below the handshake, NO TEXT OR LABELS of any kind --ar 16:9 --style cinematic --v 6.0
2025-03-31 04:57:58,302 - INFO - Calling Ideogram API for resource enterprise-client-engagement-protocol...
2025-03-31 04:58:17,733 - INFO - Successfully received response from Ideogram API for enterprise-client-engagement-protocol
2025-03-31 04:58:18,734 - INFO - Successfully saved image for enterprise-client-engagement-protocol to public\business_growth\enterprise-client-engagement-protocol.png
2025-03-31 04:58:18,735 - INFO - Resource image generation process completed
2025-03-31 04:58:18,735 - INFO - Starting image integration into resource documents
2025-03-31 04:58:18,735 - INFO - Loading resources.json...
2025-03-31 04:58:18,736 - INFO - Successfully loaded resources.json with 25 resources
2025-03-31 04:58:18,745 - INFO - Integrated image into document for Pricing Philosophy & Framework
2025-03-31 04:58:18,755 - INFO - Integrated image into document for Customer Success Integration Model
2025-03-31 04:58:18,765 - INFO - Integrated image into document for Partnership Evaluation Matrix
2025-03-31 04:58:18,776 - INFO - Integrated image into document for Enterprise Client Engagement Protocol
2025-03-31 04:58:18,777 - INFO - Completed image integration. Processed 4 documents.
2025-03-31 04:58:18,777 - INFO - Starting image integration into expansion documents
2025-03-31 04:58:18,777 - INFO - Loading resources.json...
2025-03-31 04:58:18,778 - INFO - Successfully loaded resources.json with 25 resources
2025-03-31 04:58:18,789 - INFO - Integrated image into expansion for Pricing Philosophy & Framework
2025-03-31 04:58:18,800 - INFO - Integrated image into expansion for Customer Success Integration Model
2025-03-31 04:58:18,808 - INFO - Integrated image into expansion for Partnership Evaluation Matrix
2025-03-31 04:58:18,819 - INFO - Integrated image into expansion for Enterprise Client Engagement Protocol
2025-03-31 04:58:18,820 - INFO - Completed expansion image integration. Processed 4 documents.
2025-03-31 04:59:34,545 - INFO - Starting resource image generation process
2025-03-31 04:59:34,545 - INFO - Loading resources.json...
2025-03-31 04:59:34,545 - INFO - Successfully loaded resources.json with 25 resources
2025-03-31 04:59:34,546 - INFO - Skipping KinOS Engine Architecture Guide - image already exists
2025-03-31 04:59:34,546 - INFO - Skipping Technical Debt Management Strategy - image already exists
2025-03-31 04:59:34,546 - INFO - Skipping AI Memory & Context Retention Standards - image already exists
2025-03-31 04:59:34,546 - INFO - Skipping Metrics Standardization Guide - image already exists
2025-03-31 04:59:34,547 - INFO - Skipping Vertical Performance Evaluation System - image already exists
2025-03-31 04:59:34,547 - INFO - Skipping Partner Integration Handbook - image already exists
2025-03-31 04:59:34,547 - INFO - Skipping KinOS Knowledge Transfer Protocol - image already exists
2025-03-31 04:59:34,547 - INFO - Skipping Talent Acquisition & Development Strategy - image already exists
2025-03-31 04:59:34,547 - INFO - Skipping Remote-First Collaboration Framework - image already exists
2025-03-31 04:59:34,547 - INFO - Skipping Innovation Incentive Structure - image already exists
2025-03-31 04:59:34,548 - INFO - Skipping Vertical Market Selection Criteria - image already exists
2025-03-31 04:59:34,548 - INFO - Skipping Go-To-Market Playbook - image already exists
2025-03-31 04:59:34,548 - INFO - Found 13 resources to process
2025-03-31 04:59:34,548 - INFO - Processing batch 1 of 5 (3 resources)
2025-03-31 04:59:34,548 - INFO - Processing resource: KinOS Ventures Manifesto (kinos-ventures-manifesto)
2025-03-31 04:59:34,548 - INFO - Generating Ideogram prompt for resource: KinOS Ventures Manifesto
2025-03-31 04:59:34,548 - INFO - Successfully loaded and modified visual style guide
2025-03-31 04:59:42,013 - INFO - Successfully generated Ideogram prompt for KinOS Ventures Manifesto
2025-03-31 04:59:42,014 - INFO - Full prompt for KinOS Ventures Manifesto: visionary manifesto concept rendered in liquid chrome on white steel background, calligraphy-inspired flowing shapes with ultramodern aesthetic, silver-blue gradient metal with reflective properties, brushstroke influence in composition, 2050 futuristic design language, elegant negative space, liquid chrome forming clearly recognizable compass pointing upward as central focus, surrounded by interconnected human silhouettes holding hands in a circle, with open-source infinity symbol flowing between them, a dimensional chrome beacon/lighthouse emanating light rays representing guidance and vision, balanced with minimalist ethical scales in perfect equilibrium, sophisticated light effects highlighting the reflective chrome surfaces, NO TEXT, NO WRITING OF ANY KIND, NO LETTERS OR NUMBERS, chrome elements showing perfect balance between human and technological forms, NO TEXT WHATSOEVER --ar 16:9 --style cinematic --v 6.0
2025-03-31 04:59:42,015 - INFO - Calling Ideogram API for resource kinos-ventures-manifesto...
2025-03-31 05:00:02,018 - INFO - Successfully received response from Ideogram API for kinos-ventures-manifesto
2025-03-31 05:00:03,551 - INFO - Successfully saved image for kinos-ventures-manifesto to public\categories\Core_Philosophy_Strategy\kinos-ventures-manifesto.png
2025-03-31 05:00:03,552 - INFO - Processing resource: Vertical Integration Strategy (vertical-integration-strategy)
2025-03-31 05:00:03,552 - INFO - Generating Ideogram prompt for resource: Vertical Integration Strategy
2025-03-31 05:00:03,553 - INFO - Successfully loaded and modified visual style guide
2025-03-31 05:00:08,481 - INFO - Successfully generated Ideogram prompt for Vertical Integration Strategy
2025-03-31 05:00:08,481 - INFO - Full prompt for Vertical Integration Strategy: vertical integration strategy concept, with multiple distinct business towers arranged vertically and connected by flowing pathways, rendered in liquid chrome on white steel background, calligraphy-inspired flowing lines with ultramodern aesthetic, silver-blue gradient metal with reflective properties, brushstroke influence in composition, 2050 futuristic design language, elegant negative space, liquid chrome forming clearly recognizable tall business structures with connecting integration pathways between them, sophisticated light effects highlighting structural hierarchy, NO TEXT, flowing chrome elements forming a vertical scaling ladder or staircase shape, chrome elements shaped like business units stacked in tiers, NO TEXT whatsoever, chrome reflective shapes representing different business verticals unified by a single core foundation, NO TEXT, architectural visualization of business growth strategy --ar 16:9 --style cinematic --v 6.0
2025-03-31 05:00:08,483 - INFO - Calling Ideogram API for resource vertical-integration-strategy...
2025-03-31 05:00:28,309 - INFO - Successfully received response from Ideogram API for vertical-integration-strategy
2025-03-31 05:00:29,422 - INFO - Successfully saved image for vertical-integration-strategy to public\categories\Core_Philosophy_Strategy\vertical-integration-strategy.png
2025-03-31 05:00:29,424 - INFO - Processing resource: Technology Unification Principles (technology-unification-principles)
2025-03-31 05:00:29,424 - INFO - Generating Ideogram prompt for resource: Technology Unification Principles
2025-03-31 05:00:29,424 - INFO - Successfully loaded and modified visual style guide
2025-03-31 05:00:34,955 - INFO - Successfully generated Ideogram prompt for Technology Unification Principles
2025-03-31 05:00:34,955 - INFO - Full prompt for Technology Unification Principles: technology unification principles rendered in liquid chrome on white steel background, calligraphy-inspired flowing elements with ultramodern aesthetic, silver-blue gradient metal with reflective properties, brushstroke influence in composition, 2050 futuristic design language, elegant negative space, liquid chrome forms clear recognizable shapes of multiple puzzle pieces perfectly fitting together at the center, surrounded by orbital rings representing diverse applications all connected to the central unified core, sophisticated light effects highlighting connections between elements, NO TEXT, absolutely NO TEXT or writing of any kind, central hexagonal hub with flowing pathways extending outward like spokes, modular building blocks arranged in perfect harmony showing standardization and customization simultaneously, reflective surfaces showing dimensional depth, NO TEXT whatsoever, unified system architecture visualization with clean minimalist aesthetic --ar 16:9 --style cinematic --v 6.0
2025-03-31 05:00:34,957 - INFO - Calling Ideogram API for resource technology-unification-principles...
2025-03-31 05:00:55,129 - INFO - Successfully received response from Ideogram API for technology-unification-principles
2025-03-31 05:00:56,295 - INFO - Successfully saved image for technology-unification-principles to public\categories\Core_Philosophy_Strategy\technology-unification-principles.png
2025-03-31 05:00:56,297 - INFO - Waiting 15 seconds between batches...
2025-03-31 05:01:11,298 - INFO - Processing batch 2 of 5 (3 resources)
2025-03-31 05:01:11,299 - INFO - Processing resource: First Principles Decision-Making Framework (first-principles-decision-making)
2025-03-31 05:01:11,299 - INFO - Generating Ideogram prompt for resource: First Principles Decision-Making Framework
2025-03-31 05:01:11,300 - INFO - Successfully loaded and modified visual style guide
2025-03-31 05:01:16,843 - INFO - Successfully generated Ideogram prompt for First Principles Decision-Making Framework
2025-03-31 05:01:16,844 - INFO - Full prompt for First Principles Decision-Making Framework: decision-making framework represented through liquid chrome pyramid structure on white steel background, calligraphy-inspired flowing lines with ultramodern aesthetic, silver-blue gradient metal with reflective properties, brushstroke influence in composition, 2050 futuristic design language, elegant negative space, recognizable building blocks and foundation elements arranged in hierarchical order, sophisticated light effects showing clear pathway from base to apex, branching chrome pathways representing problem-solving process, fundamental truth symbols at base level connecting to solution elements at top, compass-like directional indicator showing decision pathways, methodical arrangement suggesting structured approach, NO TEXT, crystal-clear chrome magnifying glass examining core elements, NO TEXT WHATSOEVER, reflective chrome puzzle pieces connecting in systematic pattern, NO TEXT, --ar 16:9 --style cinematic --v 6.0
2025-03-31 05:01:16,845 - INFO - Calling Ideogram API for resource first-principles-decision-making...
2025-03-31 05:01:37,416 - INFO - Successfully received response from Ideogram API for first-principles-decision-making
2025-03-31 05:01:38,447 - INFO - Successfully saved image for first-principles-decision-making to public\categories\Core_Philosophy_Strategy\first-principles-decision-making.png
2025-03-31 05:01:38,448 - INFO - Processing resource: Product Development Lifecycle (product-development-lifecycle)
2025-03-31 05:01:38,449 - INFO - Generating Ideogram prompt for resource: Product Development Lifecycle
2025-03-31 05:01:38,449 - INFO - Successfully loaded and modified visual style guide
2025-03-31 05:01:43,349 - INFO - Successfully generated Ideogram prompt for Product Development Lifecycle
2025-03-31 05:01:43,349 - INFO - Full prompt for Product Development Lifecycle: product development lifecycle process rendered in liquid chrome on white steel background, calligraphy-inspired flowing timeline with ultramodern aesthetic, silver-blue gradient metal with reflective properties, brushstroke influence in composition, 2050 futuristic design language, elegant negative space, circular path with distinct stages represented by recognizable shapes: lightbulb (concept), blueprint document (planning), gear mechanism (development), testing equipment (quality assurance), rocket launching (product launch), all connected by flowing chrome pathway forming a continuous cycle, NO TEXT, sophisticated light effects highlighting each stage transition, dimensional layering giving depth to the development process visualization, NO TEXT whatsoever, reflective chrome surfaces showing the iterative nature of product development, absolutely NO TEXT or writing of any kind --ar 16:9 --style cinematic --v 6.0
2025-03-31 05:01:43,351 - INFO - Calling Ideogram API for resource product-development-lifecycle...
2025-03-31 05:02:03,218 - INFO - Successfully received response from Ideogram API for product-development-lifecycle
2025-03-31 05:02:04,105 - INFO - Successfully saved image for product-development-lifecycle to public\categories\Technology_Product_Development\product-development-lifecycle.png
2025-03-31 05:02:04,106 - INFO - Processing resource: Cross-Vertical Feature Implementation Protocol (cross-vertical-feature-implementation)
2025-03-31 05:02:04,106 - INFO - Generating Ideogram prompt for resource: Cross-Vertical Feature Implementation Protocol
2025-03-31 05:02:04,106 - INFO - Successfully loaded and modified visual style guide
2025-03-31 05:02:09,998 - INFO - Successfully generated Ideogram prompt for Cross-Vertical Feature Implementation Protocol
2025-03-31 05:02:09,999 - INFO - Full prompt for Cross-Vertical Feature Implementation Protocol: cross-vertical feature deployment system rendered in liquid chrome on white steel background, calligraphy-inspired flowing pathways with ultramodern aesthetic, silver-blue gradient metal with reflective properties, brushstroke influence in composition, 2050 futuristic design language, elegant negative space, liquid chrome elements forming clearly recognizable interconnected product cubes arranged in a grid pattern with chrome bridges flowing between them, a central hub feature extending connections to multiple product modules, sophisticated light effects highlighting the shared pathways between products, dimensional layering showing feature deployment across multiple platforms, chrome tendrils extending from core capabilities to separate product representations, NO TEXT whatsoever, NO TEXT or writing of any kind, pristine high-contrast composition showing systematic implementation of shared features, NO TEXT, --ar 16:9 --style cinematic --v 6.0
2025-03-31 05:02:10,001 - INFO - Calling Ideogram API for resource cross-vertical-feature-implementation...
2025-03-31 05:02:29,950 - INFO - Successfully received response from Ideogram API for cross-vertical-feature-implementation
2025-03-31 05:02:31,027 - INFO - Successfully saved image for cross-vertical-feature-implementation to public\categories\Technology_Product_Development\cross-vertical-feature-implementation.png
2025-03-31 05:02:31,028 - INFO - Waiting 15 seconds between batches...
2025-03-31 05:02:46,029 - INFO - Processing batch 3 of 5 (3 resources)
2025-03-31 05:02:46,029 - INFO - Processing resource: Organizational Structure Blueprint (organizational-structure-blueprint)
2025-03-31 05:02:46,030 - INFO - Generating Ideogram prompt for resource: Organizational Structure Blueprint
2025-03-31 05:02:46,030 - INFO - Successfully loaded and modified visual style guide
2025-03-31 05:02:53,562 - INFO - Successfully generated Ideogram prompt for Organizational Structure Blueprint
2025-03-31 05:02:53,562 - INFO - Full prompt for Organizational Structure Blueprint: organizational structure blueprint rendered in liquid chrome on white steel background, calligraphy-inspired flowing structure with ultramodern aesthetic, silver-blue gradient metal with reflective properties, brushstroke influence in composition, 2050 futuristic design language, elegant negative space, central hub sphere connected to multiple satellite spheres via flowing chrome pathways, sophisticated light effects, NO TEXT, organizational hierarchy visualization with a clear central core element and branching vertical units, dimensional layering showing interconnected organizational components floating at different depths, reflective liquid chrome forming recognizable organizational chart structure with branches, central hub with radiating connections representing business unit autonomy while maintaining central connection, NO TEXT whatsoever, pristine white steel surface with high contrast chrome elements, balance of structured precision and organic flow, NO TEXT or writing of any kind --ar 16:9 --style cinematic --v 6.0
2025-03-31 05:02:53,563 - INFO - Calling Ideogram API for resource organizational-structure-blueprint...
2025-03-31 05:03:13,358 - INFO - Successfully received response from Ideogram API for organizational-structure-blueprint
2025-03-31 05:03:14,823 - INFO - Successfully saved image for organizational-structure-blueprint to public\categories\Operations_Management\organizational-structure-blueprint.png
2025-03-31 05:03:14,824 - INFO - Processing resource: Resource Allocation Framework (resource-allocation-framework)
2025-03-31 05:03:14,825 - INFO - Generating Ideogram prompt for resource: Resource Allocation Framework
2025-03-31 05:03:14,825 - INFO - Successfully loaded and modified visual style guide
2025-03-31 05:03:22,148 - INFO - Successfully generated Ideogram prompt for Resource Allocation Framework
2025-03-31 05:03:22,148 - INFO - Full prompt for Resource Allocation Framework: resource allocation framework visualization rendered in liquid chrome on white steel background, calligraphy-inspired flowing distribution system with ultramodern aesthetic, silver-blue gradient metal with reflective properties, brushstroke influence in composition, 2050 futuristic design language, elegant negative space, sophisticated light effects, NO TEXT, featuring clearly recognizable shapes of multiple resource containers of different sizes connected by flowing distribution channels, a central distribution hub with radiating pathways leading to distinct vertical sections, weighing scales symbolizing balance and priority, and flowing streams of chrome representing resource flows being precisely measured and directed, NO TEXT whatsoever, photorealistic materials with dimensional depth showing the transparent methodology of allocation across competing priorities, NO TEXT OR WRITING OF ANY KIND --ar 16:9 --style cinematic --v 6.0
2025-03-31 05:03:22,150 - INFO - Calling Ideogram API for resource resource-allocation-framework...
2025-03-31 05:03:42,245 - INFO - Successfully received response from Ideogram API for resource-allocation-framework
2025-03-31 05:03:43,506 - INFO - Successfully saved image for resource-allocation-framework to public\categories\Operations_Management\resource-allocation-framework.png
2025-03-31 05:03:43,508 - INFO - Processing resource: AI Ethics & Responsibility Charter (ai-ethics-responsibility-charter)
2025-03-31 05:03:43,508 - INFO - Generating Ideogram prompt for resource: AI Ethics & Responsibility Charter
2025-03-31 05:03:43,508 - INFO - Successfully loaded and modified visual style guide
2025-03-31 05:03:48,644 - INFO - Successfully generated Ideogram prompt for AI Ethics & Responsibility Charter
2025-03-31 05:03:48,645 - INFO - Full prompt for AI Ethics & Responsibility Charter: AI ethics and responsibility charter rendered in liquid chrome on white steel background, calligraphy-inspired elements with ultramodern aesthetic, silver-blue gradient metal with reflective properties, brushstroke influence in composition, 2050 futuristic design language, elegant negative space, liquid chrome forming clearly recognizable balanced scales of justice intertwined with a human hand and digital circuit patterns, sophisticated light effects highlighting the meeting point between human and artificial intelligence elements, a protective shield surrounding a stylized brain with circuit pathways, transparent layers showing accountability and oversight mechanisms, NO TEXT, absolutely NO TEXT or writing of any kind, chrome elements creating a dimensional moral compass with north star guidance system, NO TEXT whatsoever, ethical framework visualized through interconnected chrome circular nodes representing principles linked by flowing pathways, NO TEXT, NO LETTERS, NO NUMBERS --ar 16:9 --style cinematic --v 6.0
2025-03-31 05:03:48,647 - INFO - Calling Ideogram API for resource ai-ethics-responsibility-charter...
2025-03-31 05:04:08,505 - INFO - Successfully received response from Ideogram API for ai-ethics-responsibility-charter
2025-03-31 05:04:09,519 - INFO - Successfully saved image for ai-ethics-responsibility-charter to public\categories\Culture_Talent\ai-ethics-responsibility-charter.png
2025-03-31 05:04:09,521 - INFO - Waiting 15 seconds between batches...
2025-03-31 05:04:24,521 - INFO - Processing batch 4 of 5 (3 resources)
2025-03-31 05:04:24,521 - INFO - Processing resource: Pricing Philosophy & Framework (pricing-philosophy-framework)
2025-03-31 05:04:24,522 - INFO - Generating Ideogram prompt for resource: Pricing Philosophy & Framework
2025-03-31 05:04:24,522 - INFO - Successfully loaded and modified visual style guide
2025-03-31 05:04:30,876 - INFO - Successfully generated Ideogram prompt for Pricing Philosophy & Framework
2025-03-31 05:04:30,876 - INFO - Full prompt for Pricing Philosophy & Framework: value-based pricing methodology represented by a pristine balance scale with multiple tiers rendered in liquid chrome on white steel background, calligraphy-inspired flowing metal forms with ultramodern aesthetic, silver-blue gradient metal with reflective properties, price tags and stacks of different heights transforming into flowing value streams, brushstroke influence in composition, 2050 futuristic design language, elegant negative space, sophisticated dimensional pricing segments floating at different levels showing value differentiation, price-value relationship visualized through interconnected chrome pathways, NO TEXT, absolutely NO TEXT or writing of any kind, chrome dollar signs and value indicators without any actual text or numbers, sophisticated light effects highlighting different customer segment tiers, reflective chrome surface showing product differentiation, NO TEXT WHATSOEVER --ar 16:9 --style cinematic --v 6.0
2025-03-31 05:04:30,877 - INFO - Calling Ideogram API for resource pricing-philosophy-framework...
2025-03-31 05:04:50,710 - INFO - Successfully received response from Ideogram API for pricing-philosophy-framework
2025-03-31 05:04:52,076 - INFO - Successfully saved image for pricing-philosophy-framework to public\categories\Business_Growth\pricing-philosophy-framework.png
2025-03-31 05:04:52,077 - INFO - Processing resource: Customer Success Integration Model (customer-success-integration-model)
2025-03-31 05:04:52,077 - INFO - Generating Ideogram prompt for resource: Customer Success Integration Model
2025-03-31 05:04:52,078 - INFO - Successfully loaded and modified visual style guide
2025-03-31 05:04:57,800 - INFO - Successfully generated Ideogram prompt for Customer Success Integration Model
2025-03-31 05:04:57,800 - INFO - Full prompt for Customer Success Integration Model: customer feedback integration cycle rendered in liquid chrome on white steel background, calligraphy-inspired flowing elements with ultramodern aesthetic, silver-blue gradient metal with reflective properties, brushstroke influence in composition, 2050 futuristic design language, elegant negative space, sophisticated light effects, NO TEXT, highly reflective chrome elements forming a clearly recognizable circular feedback loop with directional arrows, a central product cube, human silhouette profiles representing customers on one side providing input, development tools and gears on the opposite side receiving feedback, multiple connecting pathways between customer insights and product improvement, dimensional layering showing cyclical nature of feedback implementation, absolutely NO TEXT or writing of any kind, precise recognizable shapes including speech bubbles flowing into data analytics symbols flowing into product enhancement elements, NO TEXT WHATSOEVER --ar 16:9 --style cinematic --v 6.0
2025-03-31 05:04:57,802 - INFO - Calling Ideogram API for resource customer-success-integration-model...
2025-03-31 05:05:17,362 - INFO - Successfully received response from Ideogram API for customer-success-integration-model
2025-03-31 05:05:18,850 - INFO - Successfully saved image for customer-success-integration-model to public\categories\Business_Growth\customer-success-integration-model.png
2025-03-31 05:05:18,851 - INFO - Processing resource: Partnership Evaluation Matrix (partnership-evaluation-matrix)
2025-03-31 05:05:18,851 - INFO - Generating Ideogram prompt for resource: Partnership Evaluation Matrix
2025-03-31 05:05:18,852 - INFO - Successfully loaded and modified visual style guide
2025-03-31 05:05:26,250 - INFO - Successfully generated Ideogram prompt for Partnership Evaluation Matrix
2025-03-31 05:05:26,251 - INFO - Full prompt for Partnership Evaluation Matrix: strategic partnership evaluation concept rendered in liquid chrome on white steel background, calligraphy-inspired matrix structure with ultramodern aesthetic, silver-blue gradient metal with reflective properties, brushstroke influence in composition, 2050 futuristic design language, elegant negative space, liquid chrome forming clearly recognizable interlinked puzzle pieces representing partnership fit, dimensional grid structure with floating assessment nodes at intersection points, sophisticated metallic handshake symbol at center representing agreement, chrome balance scales showing evaluation of alignment, flowing pathways connecting different evaluation criteria sections, precise geometric checklist elements with flowing chrome checkmarks, NO TEXT whatsoever in any form, reflective chrome surfaces showing dimensional depth, NO TEXT or letters of any kind, sophisticated light effects on the reflective partnership symbols, NO TEXT anywhere in the image --ar 16:9 --style cinematic --v 6.0
2025-03-31 05:05:26,254 - INFO - Calling Ideogram API for resource partnership-evaluation-matrix...
2025-03-31 05:05:46,511 - INFO - Successfully received response from Ideogram API for partnership-evaluation-matrix
2025-03-31 05:05:47,756 - INFO - Successfully saved image for partnership-evaluation-matrix to public\categories\Business_Growth\partnership-evaluation-matrix.png
2025-03-31 05:05:47,758 - INFO - Waiting 15 seconds between batches...
2025-03-31 05:06:02,759 - INFO - Processing batch 5 of 5 (1 resources)
2025-03-31 05:06:02,759 - INFO - Processing resource: Enterprise Client Engagement Protocol (enterprise-client-engagement-protocol)
2025-03-31 05:06:02,759 - INFO - Generating Ideogram prompt for resource: Enterprise Client Engagement Protocol
2025-03-31 05:06:02,759 - INFO - Successfully loaded and modified visual style guide
2025-03-31 05:06:11,196 - INFO - Successfully generated Ideogram prompt for Enterprise Client Engagement Protocol
2025-03-31 05:06:11,196 - INFO - Full prompt for Enterprise Client Engagement Protocol: enterprise client engagement protocol visualization rendered in liquid chrome on white steel background, calligraphy-inspired flowing elements with ultramodern aesthetic, silver-blue gradient metal with reflective properties, brushstroke influence in composition, 2050 futuristic design language, elegant negative space, sophisticated light effects, NO TEXT, liquid chrome forming clearly recognizable handshake symbol at center representing partnership, surrounded by flowing circular pathway showing relationship lifecycle stages, interconnected nodes representing implementation milestones, two abstract building shapes connected by bridge-like structures symbolizing organizational collaboration, protective shield element suggesting security and trust, flowing chrome ribbons forming a structured framework around all elements, dimensional layering creating depth and hierarchy, NO TEXT whatsoever, pristine professional aesthetic --ar 16:9 --style cinematic --v 6.0
2025-03-31 05:06:11,197 - INFO - Calling Ideogram API for resource enterprise-client-engagement-protocol...
2025-03-31 05:06:31,058 - INFO - Successfully received response from Ideogram API for enterprise-client-engagement-protocol
2025-03-31 05:06:32,549 - INFO - Successfully saved image for enterprise-client-engagement-protocol to public\categories\Business_Growth\enterprise-client-engagement-protocol.png
2025-03-31 05:06:32,551 - INFO - Resource image generation process completed
2025-03-31 05:06:32,551 - INFO - Starting image integration into resource documents
2025-03-31 05:06:32,551 - INFO - Loading resources.json...
2025-03-31 05:06:32,551 - INFO - Successfully loaded resources.json with 25 resources
2025-03-31 05:06:32,561 - INFO - Integrated image into document for KinOS Ventures Manifesto
2025-03-31 05:06:32,569 - INFO - Integrated image into document for Vertical Integration Strategy
2025-03-31 05:06:32,577 - INFO - Integrated image into document for Technology Unification Principles
2025-03-31 05:06:32,587 - INFO - Integrated image into document for First Principles Decision-Making Framework
2025-03-31 05:06:32,598 - INFO - Integrated image into document for KinOS Engine Architecture Guide
2025-03-31 05:06:32,607 - INFO - Integrated image into document for Product Development Lifecycle
2025-03-31 05:06:32,635 - INFO - Integrated image into document for Cross-Vertical Feature Implementation Protocol
2025-03-31 05:06:32,644 - INFO - Skipping Technical Debt Management Strategy - image already integrated
2025-03-31 05:06:32,655 - INFO - Integrated image into document for AI Memory & Context Retention Standards
2025-03-31 05:06:32,665 - INFO - Integrated image into document for Organizational Structure Blueprint
2025-03-31 05:06:32,674 - INFO - Skipping Resource Allocation Framework - image already integrated
2025-03-31 05:06:32,682 - INFO - Integrated image into document for Metrics Standardization Guide
2025-03-31 05:06:32,691 - INFO - Integrated image into document for Vertical Performance Evaluation System
2025-03-31 05:06:32,701 - INFO - Integrated image into document for Partner Integration Handbook
2025-03-31 05:06:32,710 - INFO - Integrated image into document for KinOS Knowledge Transfer Protocol
2025-03-31 05:06:32,720 - INFO - Integrated image into document for Talent Acquisition & Development Strategy
2025-03-31 05:06:32,728 - INFO - Integrated image into document for Remote-First Collaboration Framework
2025-03-31 05:06:32,740 - INFO - Integrated image into document for Innovation Incentive Structure
2025-03-31 05:06:32,750 - INFO - Integrated image into document for AI Ethics & Responsibility Charter
2025-03-31 05:06:32,760 - INFO - Integrated image into document for Vertical Market Selection Criteria
2025-03-31 05:06:32,769 - INFO - Integrated image into document for Go-To-Market Playbook
2025-03-31 05:06:32,778 - INFO - Skipping Pricing Philosophy & Framework - image already integrated
2025-03-31 05:06:32,787 - INFO - Skipping Customer Success Integration Model - image already integrated
2025-03-31 05:06:32,796 - INFO - Skipping Partnership Evaluation Matrix - image already integrated
2025-03-31 05:06:32,803 - INFO - Skipping Enterprise Client Engagement Protocol - image already integrated
2025-03-31 05:06:32,804 - INFO - Completed image integration. Processed 19 documents.
2025-03-31 05:06:32,804 - INFO - Starting image integration into expansion documents
2025-03-31 05:06:32,804 - INFO - Loading resources.json...
2025-03-31 05:06:32,805 - INFO - Successfully loaded resources.json with 25 resources
2025-03-31 05:06:32,814 - INFO - Integrated image into expansion for KinOS Ventures Manifesto
2025-03-31 05:06:32,828 - INFO - Integrated image into expansion for Vertical Integration Strategy
2025-03-31 05:06:32,842 - INFO - Integrated image into expansion for Technology Unification Principles
2025-03-31 05:06:32,857 - INFO - Integrated image into expansion for First Principles Decision-Making Framework
2025-03-31 05:06:32,869 - INFO - Integrated image into expansion for KinOS Engine Architecture Guide
2025-03-31 05:06:32,885 - INFO - Integrated image into expansion for Product Development Lifecycle
2025-03-31 05:06:32,900 - INFO - Integrated image into expansion for Cross-Vertical Feature Implementation Protocol
2025-03-31 05:06:32,914 - INFO - Integrated image into expansion for Technical Debt Management Strategy
2025-03-31 05:06:32,929 - INFO - Integrated image into expansion for AI Memory & Context Retention Standards
2025-03-31 05:06:32,943 - INFO - Integrated image into expansion for Organizational Structure Blueprint
2025-03-31 05:06:32,956 - INFO - Integrated image into expansion for Resource Allocation Framework
2025-03-31 05:06:32,971 - INFO - Integrated image into expansion for Metrics Standardization Guide
2025-03-31 05:06:32,984 - INFO - Integrated image into expansion for Vertical Performance Evaluation System
2025-03-31 05:06:32,997 - INFO - Integrated image into expansion for Partner Integration Handbook
2025-03-31 05:06:33,013 - INFO - Integrated image into expansion for KinOS Knowledge Transfer Protocol
2025-03-31 05:06:33,028 - INFO - Integrated image into expansion for Talent Acquisition & Development Strategy
2025-03-31 05:06:33,041 - INFO - Integrated image into expansion for Remote-First Collaboration Framework
2025-03-31 05:06:33,055 - INFO - Integrated image into expansion for Innovation Incentive Structure
2025-03-31 05:06:33,065 - INFO - Integrated image into expansion for AI Ethics & Responsibility Charter
2025-03-31 05:06:33,075 - INFO - Integrated image into expansion for Vertical Market Selection Criteria
2025-03-31 05:06:33,090 - INFO - Integrated image into expansion for Go-To-Market Playbook
2025-03-31 05:06:33,103 - INFO - Skipping expansion for Pricing Philosophy & Framework - image already integrated
2025-03-31 05:06:33,112 - INFO - Skipping expansion for Customer Success Integration Model - image already integrated
2025-03-31 05:06:33,122 - INFO - Skipping expansion for Partnership Evaluation Matrix - image already integrated
2025-03-31 05:06:33,136 - INFO - Skipping expansion for Enterprise Client Engagement Protocol - image already integrated
2025-03-31 05:06:33,136 - INFO - Completed expansion image integration. Processed 21 documents.
